#! /usr/local/iverilog/bin/vvp
:ivl_version "11.0 (devel)" "(s20150603-642-g3bdb50da)";
:ivl_delay_selection "TYPICAL";
:vpi_time_precision + 0;
:vpi_module "system";
:vpi_module "vhdl_sys";
:vpi_module "vhdl_textio";
:vpi_module "v2005_math";
:vpi_module "va_math";
S_000000000108c300 .scope module, "Single_Cycle_Tb" "Single_Cycle_Tb" 2 2;
 .timescale 0 0;
v00000000010f3440_0 .var "clk", 0 0;
v00000000010f3580_0 .var "rst", 0 0;
S_000000000102c060 .scope module, "Single_Cycle_Top" "Single_Cycle_Top" 2 6, 3 12 0, S_000000000108c300;
 .timescale 0 0;
    .port_info 0 /INPUT 1 "clk";
    .port_info 1 /INPUT 1 "rst";
v00000000010f39e0_0 .net "ALUControl_Top", 2 0, L_0000000001152d20;  1 drivers
v00000000010f48e0_0 .net "ALUResult_Top", 31 0, L_00000000011514c0;  1 drivers
v00000000010f3760_0 .net "ALUSrc_Top", 0 0, L_0000000001152820;  1 drivers
v00000000010f57e0_0 .net "C", 0 0, L_000000000114f260;  1 drivers
v00000000010f3bc0_0 .net "ImmSrc", 1 0, L_0000000001151420;  1 drivers
v00000000010f3620_0 .net "Imm_top", 31 0, L_0000000001150480;  1 drivers
v00000000010f42a0_0 .net "Instr", 31 0, L_00000000010f5420;  1 drivers
v00000000010f5600_0 .net "MemWrite", 0 0, L_0000000001151060;  1 drivers
v00000000010f5560_0 .net "N", 0 0, L_00000000011519c0;  1 drivers
v00000000010f4340_0 .net "PCNEXT", 31 0, L_00000000010f3c60;  1 drivers
v00000000010f5240_0 .net "PC_Top", 31 0, v00000000010d9fc0_0;  1 drivers
v00000000010f31c0_0 .net "RD1_Top", 31 0, L_00000000010f3d00;  1 drivers
v00000000010f3300_0 .net "RD2_top", 31 0, L_00000000010f56a0;  1 drivers
v00000000010f5060_0 .net "RDMux", 31 0, L_0000000001153860;  1 drivers
v00000000010f5100_0 .net "ReadData", 31 0, L_0000000001153180;  1 drivers
v00000000010f43e0_0 .net "RegWrite", 0 0, L_0000000001150ca0;  1 drivers
v00000000010f3f80_0 .net "ResultSrcTop", 0 0, L_0000000001151a60;  1 drivers
v00000000010f4e80_0 .net "SrcB", 31 0, L_0000000001153ae0;  1 drivers
v00000000010f4f20_0 .net "V", 0 0, L_000000000114fb90;  1 drivers
v00000000010f51a0_0 .net "Z", 0 0, L_00000000011505c0;  1 drivers
v00000000010f4a20_0 .net "clk", 0 0, v00000000010f3440_0;  1 drivers
v00000000010f4200_0 .net "rst", 0 0, v00000000010f3580_0;  1 drivers
L_00000000010f4660 .part L_00000000010f5420, 15, 5;
L_00000000010f4980 .part L_00000000010f5420, 20, 5;
L_00000000010f3800 .part L_00000000010f5420, 7, 5;
L_0000000001153040 .part L_00000000010f5420, 0, 7;
L_00000000011537c0 .part L_00000000010f5420, 12, 3;
S_000000000102c1f0 .scope module, "Im" "Instr_Mem" 3 42, 4 7 0, S_000000000102c060;
 .timescale 0 0;
    .port_info 0 /INPUT 32 "A";
    .port_info 1 /INPUT 1 "rst";
    .port_info 2 /OUTPUT 32 "RD";
v0000000001088c20_0 .net "A", 31 0, v00000000010d9fc0_0;  alias, 1 drivers
v0000000001088d60_0 .net "RD", 31 0, L_00000000010f5420;  alias, 1 drivers
L_00000000010f7080 .functor BUFT 1, C4<00000000000000000000000000000000>, C4<0>, C4<0>, C4<0>;
v0000000001087b40_0 .net/2u *"_s0", 31 0, L_00000000010f7080;  1 drivers
v0000000001087fa0_0 .net *"_s2", 31 0, L_00000000010f5380;  1 drivers
v0000000001088e00_0 .net *"_s5", 29 0, L_00000000010f36c0;  1 drivers
v0000000001088680 .array "mem", 0 1023, 31 0;
v0000000001087960_0 .net "rst", 0 0, v00000000010f3580_0;  alias, 1 drivers
L_00000000010f5380 .array/port v0000000001088680, L_00000000010f36c0;
L_00000000010f36c0 .part v00000000010d9fc0_0, 2, 30;
L_00000000010f5420 .functor MUXZ 32, L_00000000010f5380, L_00000000010f7080, v00000000010f3580_0, C4<>;
S_0000000001036e50 .scope module, "PA" "PC_adder" 3 37, 5 1 0, S_000000000102c060;
 .timescale 0 0;
    .port_info 0 /INPUT 32 "a";
    .port_info 1 /INPUT 32 "b";
    .port_info 2 /OUTPUT 32 "c";
v0000000001088720_0 .net "a", 31 0, v00000000010d9fc0_0;  alias, 1 drivers
L_00000000010f7038 .functor BUFT 1, C4<00000000000000000000000000000100>, C4<0>, C4<0>, C4<0>;
v0000000001087a00_0 .net "b", 31 0, L_00000000010f7038;  1 drivers
v0000000001087be0_0 .net "c", 31 0, L_00000000010f3c60;  alias, 1 drivers
L_00000000010f3c60 .arith/sum 32, v00000000010d9fc0_0, L_00000000010f7038;
S_0000000001036fe0 .scope module, "a" "alu" 3 69, 6 17 0, S_000000000102c060;
 .timescale 0 0;
    .port_info 0 /INPUT 32 "A";
    .port_info 1 /INPUT 32 "B";
    .port_info 2 /OUTPUT 32 "Result";
    .port_info 3 /INPUT 3 "ALUControl";
    .port_info 4 /OUTPUT 1 "Z";
    .port_info 5 /OUTPUT 1 "N";
    .port_info 6 /OUTPUT 1 "V";
    .port_info 7 /OUTPUT 1 "C";
L_000000000103e9d0 .functor AND 32, L_00000000010f3d00, L_0000000001153ae0, C4<11111111111111111111111111111111>, C4<11111111111111111111111111111111>;
L_000000000114f0a0 .functor OR 32, L_00000000010f3d00, L_0000000001153ae0, C4<00000000000000000000000000000000>, C4<00000000000000000000000000000000>;
L_000000000114f500 .functor NOT 32, L_0000000001153ae0, C4<00000000000000000000000000000000>, C4<00000000000000000000000000000000>, C4<00000000000000000000000000000000>;
L_00000000010f74b8 .functor BUFT 1, C4<0>, C4<0>, C4<0>, C4<0>;
L_000000000114f880 .functor XNOR 1, L_0000000001150de0, L_00000000010f74b8, C4<0>, C4<0>;
L_000000000114fce0 .functor OR 1, L_00000000011526e0, L_0000000001150520, C4<0>, C4<0>;
L_000000000114ff80 .functor NOT 32, L_00000000011514c0, C4<00000000000000000000000000000000>, C4<00000000000000000000000000000000>, C4<00000000000000000000000000000000>;
L_000000000114fc00 .functor NOT 1, L_00000000011517e0, C4<0>, C4<0>, C4<0>;
L_000000000114f260 .functor AND 1, L_00000000011507a0, L_000000000114fc00, C4<1>, C4<1>;
L_000000000114f8f0 .functor XOR 1, L_0000000001152780, L_0000000001150200, C4<0>, C4<0>;
L_000000000114f180 .functor XOR 1, L_000000000114f8f0, L_0000000001152500, C4<0>, C4<0>;
L_000000000114fe30 .functor NOT 1, L_000000000114f180, C4<0>, C4<0>, C4<0>;
L_000000000114fea0 .functor XOR 1, L_0000000001150f20, L_00000000011520a0, C4<0>, C4<0>;
L_000000000114fd50 .functor AND 1, L_000000000114fe30, L_000000000114fea0, C4<1>, C4<1>;
L_000000000114f730 .functor NOT 1, L_0000000001151880, C4<0>, C4<0>, C4<0>;
L_000000000114fb90 .functor AND 1, L_000000000114fd50, L_000000000114f730, C4<1>, C4<1>;
v00000000010887c0_0 .net "A", 31 0, L_00000000010f3d00;  alias, 1 drivers
v0000000001087c80_0 .net "ALUControl", 2 0, L_0000000001152d20;  alias, 1 drivers
v0000000001088a40_0 .net "B", 31 0, L_0000000001153ae0;  alias, 1 drivers
v0000000001088f40_0 .net "C", 0 0, L_000000000114f260;  alias, 1 drivers
v00000000010891c0_0 .net "N", 0 0, L_00000000011519c0;  alias, 1 drivers
v0000000001087dc0_0 .net "Result", 31 0, L_00000000011514c0;  alias, 1 drivers
v00000000010875a0_0 .net "V", 0 0, L_000000000114fb90;  alias, 1 drivers
v0000000001087e60_0 .net "Z", 0 0, L_00000000011505c0;  alias, 1 drivers
v0000000001088040_0 .net *"_s10", 0 0, L_000000000114f880;  1 drivers
v0000000001087320_0 .net *"_s103", 31 0, L_000000000114ff80;  1 drivers
v00000000010873c0_0 .net *"_s110", 0 0, L_00000000011517e0;  1 drivers
v00000000010880e0_0 .net *"_s111", 0 0, L_000000000114fc00;  1 drivers
v0000000001088180_0 .net *"_s116", 0 0, L_0000000001152780;  1 drivers
v0000000001088860_0 .net *"_s118", 0 0, L_0000000001150200;  1 drivers
v0000000001088360_0 .net *"_s119", 0 0, L_000000000114f8f0;  1 drivers
v0000000001088400_0 .net *"_s122", 0 0, L_0000000001152500;  1 drivers
v00000000010889a0_0 .net *"_s123", 0 0, L_000000000114f180;  1 drivers
v0000000001088ae0_0 .net *"_s125", 0 0, L_000000000114fe30;  1 drivers
v000000000103a590_0 .net *"_s128", 0 0, L_0000000001150f20;  1 drivers
v0000000001053610_0 .net *"_s130", 0 0, L_00000000011520a0;  1 drivers
v00000000010ccca0_0 .net *"_s131", 0 0, L_000000000114fea0;  1 drivers
v00000000010cd4c0_0 .net *"_s133", 0 0, L_000000000114fd50;  1 drivers
v00000000010ccb60_0 .net *"_s136", 0 0, L_0000000001151880;  1 drivers
v00000000010cc3e0_0 .net *"_s137", 0 0, L_000000000114f730;  1 drivers
v00000000010cc0c0_0 .net *"_s17", 32 0, L_00000000011521e0;  1 drivers
L_00000000010f7500 .functor BUFT 1, C4<0>, C4<0>, C4<0>, C4<0>;
v00000000010cc5c0_0 .net *"_s20", 0 0, L_00000000010f7500;  1 drivers
v00000000010cd6a0_0 .net *"_s21", 32 0, L_0000000001150a20;  1 drivers
L_00000000010f7548 .functor BUFT 1, C4<0>, C4<0>, C4<0>, C4<0>;
v00000000010cc200_0 .net *"_s24", 0 0, L_00000000010f7548;  1 drivers
v00000000010cbee0_0 .net *"_s25", 32 0, L_0000000001152640;  1 drivers
v00000000010cc160_0 .net *"_s28", 0 0, L_0000000001150840;  1 drivers
v00000000010cbbc0_0 .net *"_s29", 32 0, L_0000000001151920;  1 drivers
L_00000000010f7590 .functor BUFT 1, C4<00000000000000000000000000000000>, C4<0>, C4<0>, C4<0>;
v00000000010ccac0_0 .net *"_s32", 31 0, L_00000000010f7590;  1 drivers
v00000000010cc2a0_0 .net *"_s33", 32 0, L_0000000001150660;  1 drivers
L_00000000010f75d8 .functor BUFT 1, C4<0000000000000000000000000000000>, C4<0>, C4<0>, C4<0>;
v00000000010cc520_0 .net/2u *"_s35", 30 0, L_00000000010f75d8;  1 drivers
v00000000010cbda0_0 .net *"_s38", 0 0, L_0000000001151740;  1 drivers
v00000000010cbe40_0 .net *"_s42", 0 0, L_0000000001152280;  1 drivers
v00000000010cca20_0 .net *"_s43", 2 0, L_0000000001150d40;  1 drivers
L_00000000010f7620 .functor BUFT 1, C4<00>, C4<0>, C4<0>, C4<0>;
v00000000010cd060_0 .net *"_s46", 1 0, L_00000000010f7620;  1 drivers
L_00000000010f7668 .functor BUFT 1, C4<000>, C4<0>, C4<0>, C4<0>;
v00000000010cbc60_0 .net/2u *"_s47", 2 0, L_00000000010f7668;  1 drivers
v00000000010ccc00_0 .net *"_s49", 0 0, L_00000000011526e0;  1 drivers
v00000000010cbf80_0 .net *"_s52", 0 0, L_0000000001150ac0;  1 drivers
v00000000010cb8a0_0 .net *"_s53", 2 0, L_00000000011516a0;  1 drivers
L_00000000010f76b0 .functor BUFT 1, C4<00>, C4<0>, C4<0>, C4<0>;
v00000000010cbd00_0 .net *"_s56", 1 0, L_00000000010f76b0;  1 drivers
L_00000000010f76f8 .functor BUFT 1, C4<001>, C4<0>, C4<0>, C4<0>;
v00000000010cd420_0 .net/2u *"_s57", 2 0, L_00000000010f76f8;  1 drivers
v00000000010cce80_0 .net *"_s59", 0 0, L_0000000001150520;  1 drivers
v00000000010cc020_0 .net *"_s61", 0 0, L_000000000114fce0;  1 drivers
v00000000010cc340_0 .net *"_s64", 0 0, L_0000000001151ec0;  1 drivers
v00000000010cb940_0 .net *"_s65", 2 0, L_0000000001151b00;  1 drivers
L_00000000010f7740 .functor BUFT 1, C4<00>, C4<0>, C4<0>, C4<0>;
v00000000010cc480_0 .net *"_s68", 1 0, L_00000000010f7740;  1 drivers
L_00000000010f7788 .functor BUFT 1, C4<010>, C4<0>, C4<0>, C4<0>;
v00000000010cc660_0 .net/2u *"_s69", 2 0, L_00000000010f7788;  1 drivers
v00000000010cd100_0 .net *"_s7", 0 0, L_0000000001150de0;  1 drivers
v00000000010cb800_0 .net *"_s71", 0 0, L_0000000001150fc0;  1 drivers
v00000000010cba80_0 .net *"_s74", 0 0, L_0000000001152320;  1 drivers
v00000000010cd380_0 .net *"_s75", 2 0, L_00000000011508e0;  1 drivers
L_00000000010f77d0 .functor BUFT 1, C4<00>, C4<0>, C4<0>, C4<0>;
v00000000010cc700_0 .net *"_s78", 1 0, L_00000000010f77d0;  1 drivers
L_00000000010f7818 .functor BUFT 1, C4<011>, C4<0>, C4<0>, C4<0>;
v00000000010cd1a0_0 .net/2u *"_s79", 2 0, L_00000000010f7818;  1 drivers
v00000000010cd560_0 .net/2u *"_s8", 0 0, L_00000000010f74b8;  1 drivers
v00000000010cc7a0_0 .net *"_s81", 0 0, L_0000000001151d80;  1 drivers
v00000000010cc840_0 .net *"_s84", 0 0, L_00000000011523c0;  1 drivers
v00000000010cb9e0_0 .net *"_s85", 2 0, L_0000000001150340;  1 drivers
L_00000000010f7860 .functor BUFT 1, C4<00>, C4<0>, C4<0>, C4<0>;
v00000000010cc8e0_0 .net *"_s88", 1 0, L_00000000010f7860;  1 drivers
L_00000000010f78a8 .functor BUFT 1, C4<101>, C4<0>, C4<0>, C4<0>;
v00000000010cbb20_0 .net/2u *"_s89", 2 0, L_00000000010f78a8;  1 drivers
v00000000010cc980_0 .net *"_s91", 0 0, L_0000000001150160;  1 drivers
L_00000000010f78f0 .functor BUFT 1, C4<00000000000000000000000000000000>, C4<0>, C4<0>, C4<0>;
v00000000010ccd40_0 .net/2u *"_s93", 31 0, L_00000000010f78f0;  1 drivers
v00000000010cd240_0 .net *"_s95", 31 0, L_0000000001151600;  1 drivers
v00000000010ccfc0_0 .net *"_s97", 31 0, L_0000000001150980;  1 drivers
v00000000010cd2e0_0 .net *"_s99", 31 0, L_0000000001150b60;  1 drivers
v00000000010ccde0_0 .net "a_and_b", 31 0, L_000000000103e9d0;  1 drivers
v00000000010ccf20_0 .net "a_or_b", 31 0, L_000000000114f0a0;  1 drivers
v00000000010cd600_0 .net "b_multiplex", 31 0, L_0000000001151e20;  1 drivers
v00000000010d6360_0 .net "b_not", 31 0, L_000000000114f500;  1 drivers
v00000000010d60e0_0 .net "cout", 0 0, L_00000000011507a0;  1 drivers
v00000000010d6400_0 .net "slt", 31 0, L_0000000001150700;  1 drivers
v00000000010d5dc0_0 .net "sum", 31 0, L_0000000001150e80;  1 drivers
L_0000000001150de0 .part L_0000000001152d20, 0, 1;
L_0000000001151e20 .functor MUXZ 32, L_000000000114f500, L_0000000001153ae0, L_000000000114f880, C4<>;
L_00000000011507a0 .part L_0000000001150660, 32, 1;
L_0000000001150e80 .part L_0000000001150660, 0, 32;
L_00000000011521e0 .concat [ 32 1 0 0], L_0000000001151e20, L_00000000010f7500;
L_0000000001150a20 .concat [ 32 1 0 0], L_00000000010f3d00, L_00000000010f7548;
L_0000000001152640 .arith/sum 33, L_00000000011521e0, L_0000000001150a20;
L_0000000001150840 .part L_0000000001152d20, 0, 1;
L_0000000001151920 .concat [ 1 32 0 0], L_0000000001150840, L_00000000010f7590;
L_0000000001150660 .arith/sum 33, L_0000000001152640, L_0000000001151920;
L_0000000001151740 .part L_0000000001150e80, 31, 1;
L_0000000001150700 .concat [ 1 31 0 0], L_0000000001151740, L_00000000010f75d8;
L_0000000001152280 .part L_0000000001152d20, 2, 1;
L_0000000001150d40 .concat [ 1 2 0 0], L_0000000001152280, L_00000000010f7620;
L_00000000011526e0 .cmp/eq 3, L_0000000001150d40, L_00000000010f7668;
L_0000000001150ac0 .part L_0000000001152d20, 2, 1;
L_00000000011516a0 .concat [ 1 2 0 0], L_0000000001150ac0, L_00000000010f76b0;
L_0000000001150520 .cmp/eq 3, L_00000000011516a0, L_00000000010f76f8;
L_0000000001151ec0 .part L_0000000001152d20, 2, 1;
L_0000000001151b00 .concat [ 1 2 0 0], L_0000000001151ec0, L_00000000010f7740;
L_0000000001150fc0 .cmp/eq 3, L_0000000001151b00, L_00000000010f7788;
L_0000000001152320 .part L_0000000001152d20, 2, 1;
L_00000000011508e0 .concat [ 1 2 0 0], L_0000000001152320, L_00000000010f77d0;
L_0000000001151d80 .cmp/eq 3, L_00000000011508e0, L_00000000010f7818;
L_00000000011523c0 .part L_0000000001152d20, 2, 1;
L_0000000001150340 .concat [ 1 2 0 0], L_00000000011523c0, L_00000000010f7860;
L_0000000001150160 .cmp/eq 3, L_0000000001150340, L_00000000010f78a8;
L_0000000001151600 .functor MUXZ 32, L_00000000010f78f0, L_0000000001150700, L_0000000001150160, C4<>;
L_0000000001150980 .functor MUXZ 32, L_0000000001151600, L_000000000114f0a0, L_0000000001151d80, C4<>;
L_0000000001150b60 .functor MUXZ 32, L_0000000001150980, L_000000000103e9d0, L_0000000001150fc0, C4<>;
L_00000000011514c0 .functor MUXZ 32, L_0000000001150b60, L_0000000001150e80, L_000000000114fce0, C4<>;
L_00000000011505c0 .reduce/and L_000000000114ff80;
L_00000000011519c0 .part L_00000000011514c0, 31, 1;
L_00000000011517e0 .part L_0000000001152d20, 1, 1;
L_0000000001152780 .part L_0000000001152d20, 0, 1;
L_0000000001150200 .part L_00000000010f3d00, 31, 1;
L_0000000001152500 .part L_0000000001153ae0, 31, 1;
L_0000000001150f20 .part L_00000000010f3d00, 31, 1;
L_00000000011520a0 .part L_0000000001150e80, 31, 1;
L_0000000001151880 .part L_0000000001152d20, 1, 1;
S_000000000103c770 .scope module, "cTop" "control_top" 3 82, 7 11 0, S_000000000102c060;
 .timescale 0 0;
    .port_info 0 /INPUT 7 "Op";
    .port_info 1 /INPUT 3 "funct3";
    .port_info 2 /INPUT 1 "funct7";
    .port_info 3 /OUTPUT 1 "RegWrite";
    .port_info 4 /OUTPUT 1 "ALUSrc";
    .port_info 5 /OUTPUT 1 "MemWrite";
    .port_info 6 /OUTPUT 1 "ResultSrc";
    .port_info 7 /OUTPUT 1 "Branch";
    .port_info 8 /OUTPUT 2 "ImmSrc";
    .port_info 9 /OUTPUT 3 "ALUControl";
v00000000010d9b60_0 .net "ALUControl", 2 0, L_0000000001152d20;  alias, 1 drivers
v00000000010da420_0 .net "ALUOp", 1 0, L_0000000001151f60;  1 drivers
v00000000010da4c0_0 .net "ALUSrc", 0 0, L_0000000001152820;  alias, 1 drivers
o000000000108eee8 .functor BUFZ 1, C4<z>; HiZ drive
v00000000010db0a0_0 .net "Branch", 0 0, o000000000108eee8;  0 drivers
v00000000010db140_0 .net "ImmSrc", 1 0, L_0000000001151420;  alias, 1 drivers
v00000000010da060_0 .net "MemWrite", 0 0, L_0000000001151060;  alias, 1 drivers
v00000000010dac40_0 .net "Op", 6 0, L_0000000001153040;  1 drivers
v00000000010daf60_0 .net "RegWrite", 0 0, L_0000000001150ca0;  alias, 1 drivers
v00000000010da100_0 .net "ResultSrc", 0 0, L_0000000001151a60;  alias, 1 drivers
v00000000010d9c00_0 .net "funct3", 2 0, L_00000000011537c0;  1 drivers
o000000000108ed98 .functor BUFZ 1, C4<z>; HiZ drive
v00000000010db000_0 .net "funct7", 0 0, o000000000108ed98;  0 drivers
L_0000000001153a40 .part L_0000000001153040, 5, 1;
S_000000000103c900 .scope module, "C" "control" 7 25, 8 40 0, S_000000000103c770;
 .timescale 0 0;
    .port_info 0 /INPUT 7 "op";
    .port_info 1 /INPUT 1 "zero";
    .port_info 2 /OUTPUT 1 "RegWrite";
    .port_info 3 /OUTPUT 1 "MemWrite";
    .port_info 4 /OUTPUT 1 "ResultSrc";
    .port_info 5 /OUTPUT 1 "ALUSrc";
    .port_info 6 /OUTPUT 2 "ImmSrc";
    .port_info 7 /OUTPUT 2 "ALUOp";
    .port_info 8 /OUTPUT 1 "PCSrc";
L_000000000114f420 .functor XNOR 1, L_0000000001151380, L_0000000001152460, C4<0>, C4<0>;
o000000000108e1f8 .functor BUFZ 1, C4<z>; HiZ drive
L_000000000114f110 .functor AND 1, L_00000000011511a0, o000000000108e1f8, C4<1>, C4<1>;
v00000000010d58c0_0 .net "ALUOp", 1 0, L_0000000001151f60;  alias, 1 drivers
v00000000010d6a40_0 .net "ALUSrc", 0 0, L_0000000001152820;  alias, 1 drivers
v00000000010d64a0_0 .net "ImmSrc", 1 0, L_0000000001151420;  alias, 1 drivers
v00000000010d5d20_0 .net "MemWrite", 0 0, L_0000000001151060;  alias, 1 drivers
v00000000010d6040_0 .net "PCSrc", 0 0, L_000000000114f110;  1 drivers
v00000000010d5960_0 .net "RegWrite", 0 0, L_0000000001150ca0;  alias, 1 drivers
v00000000010d5a00_0 .net "ResultSrc", 0 0, L_0000000001151a60;  alias, 1 drivers
L_00000000010f7938 .functor BUFT 1, C4<0110011>, C4<0>, C4<0>, C4<0>;
v00000000010d7620_0 .net/2u *"_s0", 6 0, L_00000000010f7938;  1 drivers
v00000000010d67c0_0 .net *"_s13", 0 0, L_0000000001151380;  1 drivers
v00000000010d6900_0 .net *"_s15", 0 0, L_0000000001152460;  1 drivers
v00000000010d5aa0_0 .net *"_s16", 0 0, L_000000000114f420;  1 drivers
L_00000000010f7a10 .functor BUFT 1, C4<1>, C4<0>, C4<0>, C4<0>;
v00000000010d5e60_0 .net/2u *"_s18", 0 0, L_00000000010f7a10;  1 drivers
v00000000010d6ae0_0 .net *"_s2", 0 0, L_0000000001150c00;  1 drivers
L_00000000010f7a58 .functor BUFT 1, C4<0>, C4<0>, C4<0>, C4<0>;
v00000000010d69a0_0 .net/2u *"_s20", 0 0, L_00000000010f7a58;  1 drivers
L_00000000010f7aa0 .functor BUFT 1, C4<0100011>, C4<0>, C4<0>, C4<0>;
v00000000010d6b80_0 .net/2u *"_s24", 6 0, L_00000000010f7aa0;  1 drivers
v00000000010d6c20_0 .net *"_s26", 0 0, L_0000000001152000;  1 drivers
L_00000000010f7ae8 .functor BUFT 1, C4<1>, C4<0>, C4<0>, C4<0>;
v00000000010d6540_0 .net/2u *"_s28", 0 0, L_00000000010f7ae8;  1 drivers
L_00000000010f7b30 .functor BUFT 1, C4<0>, C4<0>, C4<0>, C4<0>;
v00000000010d65e0_0 .net/2u *"_s30", 0 0, L_00000000010f7b30;  1 drivers
L_00000000010f7b78 .functor BUFT 1, C4<0000011>, C4<0>, C4<0>, C4<0>;
v00000000010d5b40_0 .net/2u *"_s34", 6 0, L_00000000010f7b78;  1 drivers
v00000000010d7580_0 .net *"_s36", 0 0, L_0000000001151100;  1 drivers
L_00000000010f7bc0 .functor BUFT 1, C4<1>, C4<0>, C4<0>, C4<0>;
v00000000010d6cc0_0 .net/2u *"_s38", 0 0, L_00000000010f7bc0;  1 drivers
L_00000000010f7980 .functor BUFT 1, C4<01>, C4<0>, C4<0>, C4<0>;
v00000000010d7440_0 .net/2s *"_s4", 1 0, L_00000000010f7980;  1 drivers
L_00000000010f7c08 .functor BUFT 1, C4<0>, C4<0>, C4<0>, C4<0>;
v00000000010d5be0_0 .net/2u *"_s40", 0 0, L_00000000010f7c08;  1 drivers
L_00000000010f7c50 .functor BUFT 1, C4<1100011>, C4<0>, C4<0>, C4<0>;
v00000000010d73a0_0 .net/2u *"_s44", 6 0, L_00000000010f7c50;  1 drivers
v00000000010d76c0_0 .net *"_s46", 0 0, L_00000000011525a0;  1 drivers
L_00000000010f7c98 .functor BUFT 1, C4<1>, C4<0>, C4<0>, C4<0>;
v00000000010d6d60_0 .net/2u *"_s48", 0 0, L_00000000010f7c98;  1 drivers
L_00000000010f7ce0 .functor BUFT 1, C4<0>, C4<0>, C4<0>, C4<0>;
v00000000010d5c80_0 .net/2u *"_s50", 0 0, L_00000000010f7ce0;  1 drivers
L_00000000010f7d28 .functor BUFT 1, C4<0100011>, C4<0>, C4<0>, C4<0>;
v00000000010d5f00_0 .net/2u *"_s56", 6 0, L_00000000010f7d28;  1 drivers
v00000000010d6e00_0 .net *"_s58", 0 0, L_0000000001151240;  1 drivers
L_00000000010f79c8 .functor BUFT 1, C4<00>, C4<0>, C4<0>, C4<0>;
v00000000010d6180_0 .net/2s *"_s6", 1 0, L_00000000010f79c8;  1 drivers
L_00000000010f7d70 .functor BUFT 1, C4<01>, C4<0>, C4<0>, C4<0>;
v00000000010d7080_0 .net/2u *"_s60", 1 0, L_00000000010f7d70;  1 drivers
L_00000000010f7db8 .functor BUFT 1, C4<1100011>, C4<0>, C4<0>, C4<0>;
v00000000010d6ea0_0 .net/2u *"_s62", 6 0, L_00000000010f7db8;  1 drivers
v00000000010d6f40_0 .net *"_s64", 0 0, L_00000000011500c0;  1 drivers
L_00000000010f7e00 .functor BUFT 1, C4<10>, C4<0>, C4<0>, C4<0>;
v00000000010d6680_0 .net/2u *"_s66", 1 0, L_00000000010f7e00;  1 drivers
L_00000000010f7e48 .functor BUFT 1, C4<00>, C4<0>, C4<0>, C4<0>;
v00000000010d7120_0 .net/2u *"_s68", 1 0, L_00000000010f7e48;  1 drivers
v00000000010d5fa0_0 .net *"_s70", 1 0, L_00000000011512e0;  1 drivers
L_00000000010f7e90 .functor BUFT 1, C4<0110011>, C4<0>, C4<0>, C4<0>;
v00000000010d6220_0 .net/2u *"_s74", 6 0, L_00000000010f7e90;  1 drivers
v00000000010d6720_0 .net *"_s76", 0 0, L_00000000011502a0;  1 drivers
L_00000000010f7ed8 .functor BUFT 1, C4<10>, C4<0>, C4<0>, C4<0>;
v00000000010d62c0_0 .net/2u *"_s78", 1 0, L_00000000010f7ed8;  1 drivers
v00000000010d6fe0_0 .net *"_s8", 1 0, L_0000000001151560;  1 drivers
L_00000000010f7f20 .functor BUFT 1, C4<1100011>, C4<0>, C4<0>, C4<0>;
v00000000010d71c0_0 .net/2u *"_s80", 6 0, L_00000000010f7f20;  1 drivers
v00000000010d7260_0 .net *"_s82", 0 0, L_0000000001151ba0;  1 drivers
L_00000000010f7f68 .functor BUFT 1, C4<01>, C4<0>, C4<0>, C4<0>;
v00000000010d74e0_0 .net/2u *"_s84", 1 0, L_00000000010f7f68;  1 drivers
L_00000000010f7fb0 .functor BUFT 1, C4<00>, C4<0>, C4<0>, C4<0>;
v00000000010d7300_0 .net/2u *"_s86", 1 0, L_00000000010f7fb0;  1 drivers
v00000000010d5820_0 .net *"_s88", 1 0, L_0000000001152140;  1 drivers
v00000000010d7e70_0 .net "branch", 0 0, L_00000000011511a0;  1 drivers
v00000000010d87d0_0 .net "op", 6 0, L_0000000001153040;  alias, 1 drivers
v00000000010d8e10_0 .net "zero", 0 0, o000000000108e1f8;  0 drivers
L_0000000001150c00 .cmp/eq 7, L_0000000001153040, L_00000000010f7938;
L_0000000001151560 .functor MUXZ 2, L_00000000010f79c8, L_00000000010f7980, L_0000000001150c00, C4<>;
L_0000000001152820 .part L_0000000001151560, 0, 1;
L_0000000001151380 .part L_0000000001153040, 4, 1;
L_0000000001152460 .part L_0000000001153040, 5, 1;
L_0000000001150ca0 .functor MUXZ 1, L_00000000010f7a58, L_00000000010f7a10, L_000000000114f420, C4<>;
L_0000000001152000 .cmp/eq 7, L_0000000001153040, L_00000000010f7aa0;
L_0000000001151060 .functor MUXZ 1, L_00000000010f7b30, L_00000000010f7ae8, L_0000000001152000, C4<>;
L_0000000001151100 .cmp/eq 7, L_0000000001153040, L_00000000010f7b78;
L_0000000001151a60 .functor MUXZ 1, L_00000000010f7c08, L_00000000010f7bc0, L_0000000001151100, C4<>;
L_00000000011525a0 .cmp/eq 7, L_0000000001153040, L_00000000010f7c50;
L_00000000011511a0 .functor MUXZ 1, L_00000000010f7ce0, L_00000000010f7c98, L_00000000011525a0, C4<>;
L_0000000001151240 .cmp/eq 7, L_0000000001153040, L_00000000010f7d28;
L_00000000011500c0 .cmp/eq 7, L_0000000001153040, L_00000000010f7db8;
L_00000000011512e0 .functor MUXZ 2, L_00000000010f7e48, L_00000000010f7e00, L_00000000011500c0, C4<>;
L_0000000001151420 .functor MUXZ 2, L_00000000011512e0, L_00000000010f7d70, L_0000000001151240, C4<>;
L_00000000011502a0 .cmp/eq 7, L_0000000001153040, L_00000000010f7e90;
L_0000000001151ba0 .cmp/eq 7, L_0000000001153040, L_00000000010f7f20;
L_0000000001152140 .functor MUXZ 2, L_00000000010f7fb0, L_00000000010f7f68, L_0000000001151ba0, C4<>;
L_0000000001151f60 .functor MUXZ 2, L_0000000001152140, L_00000000010f7ed8, L_00000000011502a0, C4<>;
S_000000000104e2d0 .scope module, "ad" "alu_decoder" 7 40, 9 1 0, S_000000000103c770;
 .timescale 0 0;
    .port_info 0 /INPUT 2 "ALUOp";
    .port_info 1 /INPUT 3 "funct3";
    .port_info 2 /INPUT 1 "funct7";
    .port_info 3 /OUTPUT 3 "ALUControl";
    .port_info 4 /INPUT 1 "op5";
L_000000000114f9d0 .functor AND 1, L_00000000011503e0, L_0000000001153400, C4<1>, C4<1>;
L_000000000114f490 .functor AND 1, L_000000000114f9d0, L_0000000001153d60, C4<1>, C4<1>;
L_000000000114ff10 .functor AND 1, L_0000000001152fa0, L_0000000001153ea0, C4<1>, C4<1>;
L_000000000114f7a0 .functor AND 1, L_000000000114ff10, L_0000000001153720, C4<1>, C4<1>;
L_000000000114f340 .functor AND 1, L_0000000001152aa0, L_0000000001153540, C4<1>, C4<1>;
L_000000000114fdc0 .functor AND 1, L_0000000001153c20, L_0000000001152b40, C4<1>, C4<1>;
L_000000000114f1f0 .functor AND 1, L_00000000011535e0, L_0000000001152be0, C4<1>, C4<1>;
v00000000010d7dd0_0 .net "ALUControl", 2 0, L_0000000001152d20;  alias, 1 drivers
v00000000010d8eb0_0 .net "ALUOp", 1 0, L_0000000001151f60;  alias, 1 drivers
L_00000000010f7ff8 .functor BUFT 1, C4<00>, C4<0>, C4<0>, C4<0>;
v00000000010d8cd0_0 .net/2u *"_s0", 1 0, L_00000000010f7ff8;  1 drivers
L_00000000010f80d0 .functor BUFT 1, C4<001>, C4<0>, C4<0>, C4<0>;
v00000000010d8f50_0 .net/2u *"_s10", 2 0, L_00000000010f80d0;  1 drivers
v00000000010d8af0_0 .net *"_s100", 2 0, L_00000000011539a0;  1 drivers
L_00000000010f8118 .functor BUFT 1, C4<10>, C4<0>, C4<0>, C4<0>;
v00000000010d9090_0 .net/2u *"_s12", 1 0, L_00000000010f8118;  1 drivers
v00000000010d7a10_0 .net *"_s14", 0 0, L_00000000011503e0;  1 drivers
v00000000010d7b50_0 .net *"_s16", 1 0, L_0000000001153900;  1 drivers
L_00000000010f8160 .functor BUFT 1, C4<11>, C4<0>, C4<0>, C4<0>;
v00000000010d9310_0 .net/2u *"_s18", 1 0, L_00000000010f8160;  1 drivers
v00000000010d9270_0 .net *"_s2", 0 0, L_0000000001151c40;  1 drivers
v00000000010d9450_0 .net *"_s20", 0 0, L_0000000001153400;  1 drivers
v00000000010d8b90_0 .net *"_s22", 0 0, L_000000000114f9d0;  1 drivers
L_00000000010f81a8 .functor BUFT 1, C4<000>, C4<0>, C4<0>, C4<0>;
v00000000010d93b0_0 .net/2u *"_s24", 2 0, L_00000000010f81a8;  1 drivers
v00000000010d8190_0 .net *"_s26", 0 0, L_0000000001153d60;  1 drivers
v00000000010d7c90_0 .net *"_s28", 0 0, L_000000000114f490;  1 drivers
L_00000000010f81f0 .functor BUFT 1, C4<000>, C4<0>, C4<0>, C4<0>;
v00000000010d8d70_0 .net/2u *"_s30", 2 0, L_00000000010f81f0;  1 drivers
L_00000000010f8238 .functor BUFT 1, C4<10>, C4<0>, C4<0>, C4<0>;
v00000000010d8550_0 .net/2u *"_s32", 1 0, L_00000000010f8238;  1 drivers
v00000000010d8c30_0 .net *"_s34", 0 0, L_0000000001152fa0;  1 drivers
v00000000010d8870_0 .net *"_s36", 1 0, L_00000000011534a0;  1 drivers
L_00000000010f8280 .functor BUFT 1, C4<11>, C4<0>, C4<0>, C4<0>;
v00000000010d8910_0 .net/2u *"_s38", 1 0, L_00000000010f8280;  1 drivers
L_00000000010f8040 .functor BUFT 1, C4<000>, C4<0>, C4<0>, C4<0>;
v00000000010d7bf0_0 .net/2u *"_s4", 2 0, L_00000000010f8040;  1 drivers
v00000000010d8ff0_0 .net *"_s40", 0 0, L_0000000001153ea0;  1 drivers
v00000000010d8230_0 .net *"_s42", 0 0, L_000000000114ff10;  1 drivers
L_00000000010f82c8 .functor BUFT 1, C4<000>, C4<0>, C4<0>, C4<0>;
v00000000010d7f10_0 .net/2u *"_s44", 2 0, L_00000000010f82c8;  1 drivers
v00000000010d80f0_0 .net *"_s46", 0 0, L_0000000001153720;  1 drivers
v00000000010d94f0_0 .net *"_s48", 0 0, L_000000000114f7a0;  1 drivers
L_00000000010f8310 .functor BUFT 1, C4<001>, C4<0>, C4<0>, C4<0>;
v00000000010d9590_0 .net/2u *"_s50", 2 0, L_00000000010f8310;  1 drivers
L_00000000010f8358 .functor BUFT 1, C4<10>, C4<0>, C4<0>, C4<0>;
v00000000010d8370_0 .net/2u *"_s52", 1 0, L_00000000010f8358;  1 drivers
v00000000010d7fb0_0 .net *"_s54", 0 0, L_0000000001152aa0;  1 drivers
L_00000000010f83a0 .functor BUFT 1, C4<010>, C4<0>, C4<0>, C4<0>;
v00000000010d89b0_0 .net/2u *"_s56", 2 0, L_00000000010f83a0;  1 drivers
v00000000010d9130_0 .net *"_s58", 0 0, L_0000000001153540;  1 drivers
L_00000000010f8088 .functor BUFT 1, C4<01>, C4<0>, C4<0>, C4<0>;
v00000000010d91d0_0 .net/2u *"_s6", 1 0, L_00000000010f8088;  1 drivers
v00000000010d7d30_0 .net *"_s60", 0 0, L_000000000114f340;  1 drivers
L_00000000010f83e8 .functor BUFT 1, C4<101>, C4<0>, C4<0>, C4<0>;
v00000000010d8a50_0 .net/2u *"_s62", 2 0, L_00000000010f83e8;  1 drivers
L_00000000010f8430 .functor BUFT 1, C4<10>, C4<0>, C4<0>, C4<0>;
v00000000010d9630_0 .net/2u *"_s64", 1 0, L_00000000010f8430;  1 drivers
v00000000010d96d0_0 .net *"_s66", 0 0, L_0000000001153c20;  1 drivers
L_00000000010f8478 .functor BUFT 1, C4<110>, C4<0>, C4<0>, C4<0>;
v00000000010d8050_0 .net/2u *"_s68", 2 0, L_00000000010f8478;  1 drivers
v00000000010d7830_0 .net *"_s70", 0 0, L_0000000001152b40;  1 drivers
v00000000010d84b0_0 .net *"_s72", 0 0, L_000000000114fdc0;  1 drivers
L_00000000010f84c0 .functor BUFT 1, C4<011>, C4<0>, C4<0>, C4<0>;
v00000000010d82d0_0 .net/2u *"_s74", 2 0, L_00000000010f84c0;  1 drivers
L_00000000010f8508 .functor BUFT 1, C4<10>, C4<0>, C4<0>, C4<0>;
v00000000010d8690_0 .net/2u *"_s76", 1 0, L_00000000010f8508;  1 drivers
v00000000010d8410_0 .net *"_s78", 0 0, L_00000000011535e0;  1 drivers
v00000000010d85f0_0 .net *"_s8", 0 0, L_0000000001151ce0;  1 drivers
L_00000000010f8550 .functor BUFT 1, C4<111>, C4<0>, C4<0>, C4<0>;
v00000000010d7ab0_0 .net/2u *"_s80", 2 0, L_00000000010f8550;  1 drivers
v00000000010d8730_0 .net *"_s82", 0 0, L_0000000001152be0;  1 drivers
v00000000010d7970_0 .net *"_s84", 0 0, L_000000000114f1f0;  1 drivers
L_00000000010f8598 .functor BUFT 1, C4<010>, C4<0>, C4<0>, C4<0>;
v00000000010d78d0_0 .net/2u *"_s86", 2 0, L_00000000010f8598;  1 drivers
L_00000000010f85e0 .functor BUFT 1, C4<111>, C4<0>, C4<0>, C4<0>;
v00000000010da2e0_0 .net/2u *"_s88", 2 0, L_00000000010f85e0;  1 drivers
v00000000010d9a20_0 .net *"_s90", 2 0, L_0000000001152e60;  1 drivers
v00000000010daec0_0 .net *"_s92", 2 0, L_0000000001153680;  1 drivers
v00000000010db3c0_0 .net *"_s94", 2 0, L_0000000001152a00;  1 drivers
v00000000010da380_0 .net *"_s96", 2 0, L_0000000001153360;  1 drivers
v00000000010dad80_0 .net *"_s98", 2 0, L_0000000001152c80;  1 drivers
v00000000010da7e0_0 .net "funct3", 2 0, L_00000000011537c0;  alias, 1 drivers
v00000000010da880_0 .net "funct7", 0 0, o000000000108ed98;  alias, 0 drivers
v00000000010db460_0 .net "op5", 0 0, L_0000000001153a40;  1 drivers
L_0000000001151c40 .cmp/eq 2, L_0000000001151f60, L_00000000010f7ff8;
L_0000000001151ce0 .cmp/eq 2, L_0000000001151f60, L_00000000010f8088;
L_00000000011503e0 .cmp/eq 2, L_0000000001151f60, L_00000000010f8118;
L_0000000001153900 .concat [ 1 1 0 0], o000000000108ed98, L_0000000001153a40;
L_0000000001153400 .cmp/ne 2, L_0000000001153900, L_00000000010f8160;
L_0000000001153d60 .cmp/eq 3, L_00000000011537c0, L_00000000010f81a8;
L_0000000001152fa0 .cmp/eq 2, L_0000000001151f60, L_00000000010f8238;
L_00000000011534a0 .concat [ 1 1 0 0], o000000000108ed98, L_0000000001153a40;
L_0000000001153ea0 .cmp/eq 2, L_00000000011534a0, L_00000000010f8280;
L_0000000001153720 .cmp/eq 3, L_00000000011537c0, L_00000000010f82c8;
L_0000000001152aa0 .cmp/eq 2, L_0000000001151f60, L_00000000010f8358;
L_0000000001153540 .cmp/eq 3, L_00000000011537c0, L_00000000010f83a0;
L_0000000001153c20 .cmp/eq 2, L_0000000001151f60, L_00000000010f8430;
L_0000000001152b40 .cmp/eq 3, L_00000000011537c0, L_00000000010f8478;
L_00000000011535e0 .cmp/eq 2, L_0000000001151f60, L_00000000010f8508;
L_0000000001152be0 .cmp/eq 3, L_00000000011537c0, L_00000000010f8550;
L_0000000001152e60 .functor MUXZ 3, L_00000000010f85e0, L_00000000010f8598, L_000000000114f1f0, C4<>;
L_0000000001153680 .functor MUXZ 3, L_0000000001152e60, L_00000000010f84c0, L_000000000114fdc0, C4<>;
L_0000000001152a00 .functor MUXZ 3, L_0000000001153680, L_00000000010f83e8, L_000000000114f340, C4<>;
L_0000000001153360 .functor MUXZ 3, L_0000000001152a00, L_00000000010f8310, L_000000000114f7a0, C4<>;
L_0000000001152c80 .functor MUXZ 3, L_0000000001153360, L_00000000010f81f0, L_000000000114f490, C4<>;
L_00000000011539a0 .functor MUXZ 3, L_0000000001152c80, L_00000000010f80d0, L_0000000001151ce0, C4<>;
L_0000000001152d20 .functor MUXZ 3, L_00000000011539a0, L_00000000010f8040, L_0000000001151c40, C4<>;
S_00000000010257b0 .scope module, "d" "Data_Mem" 3 98, 10 1 0, S_000000000102c060;
 .timescale 0 0;
    .port_info 0 /INPUT 32 "A";
    .port_info 1 /INPUT 1 "WE";
    .port_info 2 /INPUT 32 "WD";
    .port_info 3 /OUTPUT 32 "RD";
    .port_info 4 /INPUT 1 "clk";
v00000000010d9ac0_0 .net "A", 31 0, L_00000000011514c0;  alias, 1 drivers
v00000000010da920 .array "Data_MEM", 0 1023, 31 0;
v00000000010d9ca0_0 .net "RD", 31 0, L_0000000001153180;  alias, 1 drivers
v00000000010d98e0_0 .net "WD", 31 0, L_00000000010f56a0;  alias, 1 drivers
v00000000010d9980_0 .net "WE", 0 0, L_0000000001151060;  alias, 1 drivers
L_00000000010f8628 .functor BUFT 1, C4<00000000000000000000000000000000>, C4<0>, C4<0>, C4<0>;
v00000000010dace0_0 .net/2u *"_s0", 31 0, L_00000000010f8628;  1 drivers
v00000000010d9d40_0 .net *"_s2", 31 0, L_00000000011530e0;  1 drivers
v00000000010da560_0 .net "clk", 0 0, v00000000010f3440_0;  alias, 1 drivers
E_0000000001073260 .event posedge, v00000000010da560_0;
L_00000000011530e0 .array/port v00000000010da920, L_00000000011514c0;
L_0000000001153180 .functor MUXZ 32, L_00000000011530e0, L_00000000010f8628, L_0000000001151060, C4<>;
S_0000000001041f40 .scope module, "imm" "Imm_RegMux" 3 108, 11 1 0, S_000000000102c060;
 .timescale 0 0;
    .port_info 0 /INPUT 32 "RD2";
    .port_info 1 /INPUT 32 "ImmExt";
    .port_info 2 /OUTPUT 32 "SrcB";
    .port_info 3 /INPUT 1 "ALUSrc";
v00000000010d9de0_0 .net "ALUSrc", 0 0, L_0000000001152820;  alias, 1 drivers
v00000000010d9e80_0 .net "ImmExt", 31 0, L_0000000001150480;  alias, 1 drivers
v00000000010da240_0 .net "RD2", 31 0, L_00000000010f56a0;  alias, 1 drivers
v00000000010d9f20_0 .net "SrcB", 31 0, L_0000000001153ae0;  alias, 1 drivers
L_0000000001153ae0 .functor MUXZ 32, L_00000000010f56a0, L_0000000001150480, L_0000000001152820, C4<>;
S_00000000010420d0 .scope module, "pc" "P_C" 3 34, 12 1 0, S_000000000102c060;
 .timescale 0 0;
    .port_info 0 /INPUT 32 "PC_NEXT";
    .port_info 1 /INPUT 1 "clk";
    .port_info 2 /INPUT 1 "rstn";
    .port_info 3 /OUTPUT 32 "PC";
v00000000010d9fc0_0 .var "PC", 31 0;
v00000000010db1e0_0 .net "PC_NEXT", 31 0, L_00000000010f3c60;  alias, 1 drivers
v00000000010dab00_0 .net "clk", 0 0, v00000000010f3440_0;  alias, 1 drivers
v00000000010db500_0 .net "rstn", 0 0, v00000000010f3580_0;  alias, 1 drivers
S_000000000102af80 .scope module, "rd" "RD_WD3Mux" 3 113, 13 1 0, S_000000000102c060;
 .timescale 0 0;
    .port_info 0 /INPUT 32 "RD";
    .port_info 1 /INPUT 32 "ALUResult";
    .port_info 2 /INPUT 1 "ResultSrc";
    .port_info 3 /OUTPUT 32 "WD3";
v00000000010da1a0_0 .net "ALUResult", 31 0, L_00000000011514c0;  alias, 1 drivers
v00000000010da600_0 .net "RD", 31 0, L_0000000001153180;  alias, 1 drivers
v00000000010daba0_0 .net "ResultSrc", 0 0, L_0000000001151a60;  alias, 1 drivers
v00000000010da6a0_0 .net "WD3", 31 0, L_0000000001153860;  alias, 1 drivers
L_0000000001153860 .functor MUXZ 32, L_00000000011514c0, L_0000000001153180, L_0000000001151a60, C4<>;
S_000000000102b110 .scope module, "rf" "Reg_File" 3 46, 14 1 0, S_000000000102c060;
 .timescale 0 0;
    .port_info 0 /INPUT 1 "clk";
    .port_info 1 /OUTPUT 32 "RD1";
    .port_info 2 /OUTPUT 32 "RD2";
    .port_info 3 /INPUT 32 "WD3";
    .port_info 4 /INPUT 1 "WE3";
    .port_info 5 /INPUT 1 "rst";
    .port_info 6 /INPUT 5 "A1";
    .port_info 7 /INPUT 5 "A2";
    .port_info 8 /INPUT 5 "A3";
v00000000010da740_0 .net "A1", 4 0, L_00000000010f4660;  1 drivers
v00000000010db320_0 .net "A2", 4 0, L_00000000010f4980;  1 drivers
v00000000010da9c0_0 .net "A3", 4 0, L_00000000010f3800;  1 drivers
v00000000010daa60_0 .net "RD1", 31 0, L_00000000010f3d00;  alias, 1 drivers
v00000000010dae20_0 .net "RD2", 31 0, L_00000000010f56a0;  alias, 1 drivers
v00000000010db5a0 .array "Reg_file", 0 31, 31 0;
v00000000010db640_0 .net "WD3", 31 0, L_0000000001153860;  alias, 1 drivers
v00000000010db6e0_0 .net "WE3", 0 0, L_0000000001150ca0;  alias, 1 drivers
L_00000000010f70c8 .functor BUFT 1, C4<00000000000000000000000000000000>, C4<0>, C4<0>, C4<0>;
v00000000010d9840_0 .net/2u *"_s0", 31 0, L_00000000010f70c8;  1 drivers
L_00000000010f7158 .functor BUFT 1, C4<00000000000000000000000000000000>, C4<0>, C4<0>, C4<0>;
v00000000010f6500_0 .net/2u *"_s10", 31 0, L_00000000010f7158;  1 drivers
v00000000010f6320_0 .net *"_s12", 31 0, L_00000000010f5740;  1 drivers
v00000000010f63c0_0 .net *"_s14", 6 0, L_00000000010f3940;  1 drivers
L_00000000010f71a0 .functor BUFT 1, C4<00>, C4<0>, C4<0>, C4<0>;
v00000000010f6f00_0 .net *"_s17", 1 0, L_00000000010f71a0;  1 drivers
v00000000010f6000_0 .net *"_s2", 31 0, L_00000000010f54c0;  1 drivers
v00000000010f5b00_0 .net *"_s4", 6 0, L_00000000010f3080;  1 drivers
L_00000000010f7110 .functor BUFT 1, C4<00>, C4<0>, C4<0>, C4<0>;
v00000000010f6960_0 .net *"_s7", 1 0, L_00000000010f7110;  1 drivers
v00000000010f5a60_0 .net "clk", 0 0, v00000000010f3440_0;  alias, 1 drivers
v00000000010f6be0_0 .net "rst", 0 0, v00000000010f3580_0;  alias, 1 drivers
L_00000000010f54c0 .array/port v00000000010db5a0, L_00000000010f3080;
L_00000000010f3080 .concat [ 5 2 0 0], L_00000000010f4660, L_00000000010f7110;
L_00000000010f3d00 .functor MUXZ 32, L_00000000010f54c0, L_00000000010f70c8, v00000000010f3580_0, C4<>;
L_00000000010f5740 .array/port v00000000010db5a0, L_00000000010f3940;
L_00000000010f3940 .concat [ 5 2 0 0], L_00000000010f4980, L_00000000010f71a0;
L_00000000010f56a0 .functor MUXZ 32, L_00000000010f5740, L_00000000010f7158, v00000000010f3580_0, C4<>;
S_0000000001044b80 .scope module, "sE" "sign_Extend" 3 61, 15 1 0, S_000000000102c060;
 .timescale 0 0;
    .port_info 0 /INPUT 32 "Instr_Rd";
    .port_info 1 /OUTPUT 32 "ImmExt";
    .port_info 2 /INPUT 2 "ImmSrc";
L_00000000010f71e8 .functor BUFT 1, C4<1>, C4<0>, C4<0>, C4<0>;
L_0000000001061cc0 .functor XNOR 1, L_00000000010f3da0, L_00000000010f71e8, C4<0>, C4<0>;
L_0000000001061320 .functor AND 1, L_0000000001061cc0, L_00000000010f4520, C4<1>, C4<1>;
L_00000000010f72c0 .functor BUFT 1, C4<0>, C4<0>, C4<0>, C4<0>;
L_0000000001060fa0 .functor XNOR 1, L_00000000010f3e40, L_00000000010f72c0, C4<0>, C4<0>;
L_0000000001061010 .functor AND 1, L_0000000001060fa0, L_00000000010f38a0, C4<1>, C4<1>;
L_00000000010f7398 .functor BUFT 1, C4<1>, C4<0>, C4<0>, C4<0>;
L_0000000001061080 .functor XNOR 1, L_00000000010f4ac0, L_00000000010f7398, C4<0>, C4<0>;
L_000000000103ee30 .functor AND 1, L_0000000001061080, L_00000000010f4020, C4<1>, C4<1>;
v00000000010f65a0_0 .net "ImmExt", 31 0, L_0000000001150480;  alias, 1 drivers
v00000000010f59c0_0 .net "ImmSrc", 1 0, L_0000000001151420;  alias, 1 drivers
v00000000010f6460_0 .net "Instr_Rd", 31 0, L_00000000010f5420;  alias, 1 drivers
v00000000010f6640_0 .net *"_s1", 0 0, L_00000000010f3da0;  1 drivers
v00000000010f68c0_0 .net *"_s10", 0 0, L_0000000001061320;  1 drivers
L_00000000010f7278 .functor BUFT 1, C4<11111111111111111111>, C4<0>, C4<0>, C4<0>;
v00000000010f66e0_0 .net/2u *"_s12", 19 0, L_00000000010f7278;  1 drivers
v00000000010f6140_0 .net *"_s15", 11 0, L_00000000010f4480;  1 drivers
v00000000010f6780_0 .net *"_s16", 31 0, L_00000000010f4ca0;  1 drivers
v00000000010f5ec0_0 .net *"_s19", 0 0, L_00000000010f3e40;  1 drivers
v00000000010f5e20_0 .net/2u *"_s2", 0 0, L_00000000010f71e8;  1 drivers
v00000000010f5880_0 .net/2u *"_s20", 0 0, L_00000000010f72c0;  1 drivers
v00000000010f6820_0 .net *"_s22", 0 0, L_0000000001060fa0;  1 drivers
L_00000000010f7308 .functor BUFT 1, C4<00>, C4<0>, C4<0>, C4<0>;
v00000000010f6b40_0 .net/2u *"_s24", 1 0, L_00000000010f7308;  1 drivers
v00000000010f6e60_0 .net *"_s26", 0 0, L_00000000010f38a0;  1 drivers
v00000000010f5920_0 .net *"_s28", 0 0, L_0000000001061010;  1 drivers
L_00000000010f7350 .functor BUFT 1, C4<00000000000000000000>, C4<0>, C4<0>, C4<0>;
v00000000010f5d80_0 .net/2u *"_s30", 19 0, L_00000000010f7350;  1 drivers
v00000000010f6a00_0 .net *"_s33", 11 0, L_00000000010f3ee0;  1 drivers
v00000000010f6c80_0 .net *"_s34", 31 0, L_00000000010f3120;  1 drivers
v00000000010f5ba0_0 .net *"_s37", 0 0, L_00000000010f4ac0;  1 drivers
v00000000010f6aa0_0 .net/2u *"_s38", 0 0, L_00000000010f7398;  1 drivers
v00000000010f6d20_0 .net *"_s4", 0 0, L_0000000001061cc0;  1 drivers
v00000000010f5c40_0 .net *"_s40", 0 0, L_0000000001061080;  1 drivers
L_00000000010f73e0 .functor BUFT 1, C4<01>, C4<0>, C4<0>, C4<0>;
v00000000010f5f60_0 .net/2u *"_s42", 1 0, L_00000000010f73e0;  1 drivers
v00000000010f5ce0_0 .net *"_s44", 0 0, L_00000000010f4020;  1 drivers
v00000000010f6dc0_0 .net *"_s46", 0 0, L_000000000103ee30;  1 drivers
L_00000000010f7428 .functor BUFT 1, C4<11111111111111111111>, C4<0>, C4<0>, C4<0>;
v00000000010f60a0_0 .net/2u *"_s48", 19 0, L_00000000010f7428;  1 drivers
v00000000010f6280_0 .net *"_s51", 6 0, L_00000000010f40c0;  1 drivers
v00000000010f61e0_0 .net *"_s53", 4 0, L_00000000010f45c0;  1 drivers
v00000000010f52e0_0 .net *"_s54", 31 0, L_00000000010f4700;  1 drivers
L_00000000010f7470 .functor BUFT 1, C4<00000000000000000000>, C4<0>, C4<0>, C4<0>;
v00000000010f4160_0 .net/2u *"_s56", 19 0, L_00000000010f7470;  1 drivers
v00000000010f3260_0 .net *"_s59", 6 0, L_00000000010f47a0;  1 drivers
L_00000000010f7230 .functor BUFT 1, C4<00>, C4<0>, C4<0>, C4<0>;
v00000000010f33a0_0 .net/2u *"_s6", 1 0, L_00000000010f7230;  1 drivers
v00000000010f4d40_0 .net *"_s61", 4 0, L_00000000010f4840;  1 drivers
v00000000010f4fc0_0 .net *"_s62", 31 0, L_00000000010f4b60;  1 drivers
v00000000010f3a80_0 .net *"_s64", 31 0, L_00000000010f4c00;  1 drivers
v00000000010f3b20_0 .net *"_s66", 31 0, L_00000000010f4de0;  1 drivers
v00000000010f34e0_0 .net *"_s8", 0 0, L_00000000010f4520;  1 drivers
L_00000000010f3da0 .part L_00000000010f5420, 31, 1;
L_00000000010f4520 .cmp/eq 2, L_0000000001151420, L_00000000010f7230;
L_00000000010f4480 .part L_00000000010f5420, 20, 12;
L_00000000010f4ca0 .concat [ 12 20 0 0], L_00000000010f4480, L_00000000010f7278;
L_00000000010f3e40 .part L_00000000010f5420, 31, 1;
L_00000000010f38a0 .cmp/eq 2, L_0000000001151420, L_00000000010f7308;
L_00000000010f3ee0 .part L_00000000010f5420, 20, 12;
L_00000000010f3120 .concat [ 12 20 0 0], L_00000000010f3ee0, L_00000000010f7350;
L_00000000010f4ac0 .part L_00000000010f5420, 11, 1;
L_00000000010f4020 .cmp/eq 2, L_0000000001151420, L_00000000010f73e0;
L_00000000010f40c0 .part L_00000000010f5420, 25, 7;
L_00000000010f45c0 .part L_00000000010f5420, 7, 5;
L_00000000010f4700 .concat [ 5 7 20 0], L_00000000010f45c0, L_00000000010f40c0, L_00000000010f7428;
L_00000000010f47a0 .part L_00000000010f5420, 25, 7;
L_00000000010f4840 .part L_00000000010f5420, 7, 5;
L_00000000010f4b60 .concat [ 5 7 20 0], L_00000000010f4840, L_00000000010f47a0, L_00000000010f7470;
L_00000000010f4c00 .functor MUXZ 32, L_00000000010f4b60, L_00000000010f4700, L_000000000103ee30, C4<>;
L_00000000010f4de0 .functor MUXZ 32, L_00000000010f4c00, L_00000000010f3120, L_0000000001061010, C4<>;
L_0000000001150480 .functor MUXZ 32, L_00000000010f4de0, L_00000000010f4ca0, L_0000000001061320, C4<>;
    .scope S_00000000010420d0;
T_0 ;
    %wait E_0000000001073260;
    %load/vec4 v00000000010db500_0;
    %cmpi/e 0, 0, 1;
    %jmp/0xz  T_0.0, 4;
    %pushi/vec4 0, 0, 32;
    %assign/vec4 v00000000010d9fc0_0, 0;
    %jmp T_0.1;
T_0.0 ;
    %load/vec4 v00000000010db1e0_0;
    %assign/vec4 v00000000010d9fc0_0, 0;
T_0.1 ;
    %jmp T_0;
    .thread T_0;
    .scope S_000000000102c1f0;
T_1 ;
    %pushi/vec4 6480419, 0, 32;
    %ix/load 4, 0, 0;
    %flag_set/imm 4, 0;
    %store/vec4a v0000000001088680, 4, 0;
    %end;
    .thread T_1;
    .scope S_000000000102b110;
T_2 ;
    %pushi/vec4 32, 0, 32;
    %ix/load 4, 5, 0;
    %flag_set/imm 4, 0;
    %store/vec4a v00000000010db5a0, 4, 0;
    %pushi/vec4 160, 0, 32;
    %ix/load 4, 6, 0;
    %flag_set/imm 4, 0;
    %store/vec4a v00000000010db5a0, 4, 0;
    %end;
    .thread T_2;
    .scope S_000000000102b110;
T_3 ;
    %wait E_0000000001073260;
    %load/vec4 v00000000010db6e0_0;
    %flag_set/vec4 8;
    %jmp/0xz  T_3.0, 8;
    %load/vec4 v00000000010db640_0;
    %load/vec4 v00000000010da9c0_0;
    %pad/u 7;
    %ix/vec4 3;
    %ix/load 4, 0, 0; Constant delay
    %assign/vec4/a/d v00000000010db5a0, 0, 4;
T_3.0 ;
    %jmp T_3;
    .thread T_3;
    .scope S_00000000010257b0;
T_4 ;
    %wait E_0000000001073260;
    %load/vec4 v00000000010d9980_0;
    %flag_set/vec4 8;
    %jmp/0xz  T_4.0, 8;
    %load/vec4 v00000000010d98e0_0;
    %ix/getv 3, v00000000010d9ac0_0;
    %ix/load 4, 0, 0; Constant delay
    %assign/vec4/a/d v00000000010da920, 0, 4;
T_4.0 ;
    %jmp T_4;
    .thread T_4;
    .scope S_00000000010257b0;
T_5 ;
    %pushi/vec4 32, 0, 32;
    %ix/load 4, 28, 0;
    %flag_set/imm 4, 0;
    %store/vec4a v00000000010da920, 4, 0;
    %end;
    .thread T_5;
    .scope S_000000000108c300;
T_6 ;
    %vpi_call 2 12 "$dumpfile", "Single_Cycle.vcd" {0 0 0};
    %vpi_call 2 13 "$dumpvars", 32'sb00000000000000000000000000000000, S_000000000102c060 {0 0 0};
    %end;
    .thread T_6;
    .scope S_000000000108c300;
T_7 ;
    %pushi/vec4 0, 0, 1;
    %store/vec4 v00000000010f3440_0, 0, 1;
T_7.0 ;
    %delay 30, 0;
    %load/vec4 v00000000010f3440_0;
    %inv;
    %store/vec4 v00000000010f3440_0, 0, 1;
    %jmp T_7.0;
    %end;
    .thread T_7;
    .scope S_000000000108c300;
T_8 ;
    %pushi/vec4 0, 0, 1;
    %store/vec4 v00000000010f3580_0, 0, 1;
    %delay 1500, 0;
    %pushi/vec4 1, 0, 1;
    %store/vec4 v00000000010f3580_0, 0, 1;
    %delay 1000, 0;
    %vpi_call 2 29 "$finish" {0 0 0};
    %end;
    .thread T_8;
# The file index is used to find the file name in the following table.
:file_names 16;
    "N/A";
    "<interactive>";
    "C:\Users\subed\Desktop\verilog-vsc\RISC_V\Single_Cycle_Tb.v";
    "C:\Users\subed\Desktop\verilog-vsc\RISC_V/Single_Cycle_Top.v";
    "C:\Users\subed\Desktop\verilog-vsc\RISC_V/instructionmemory.v";
    "C:\Users\subed\Desktop\verilog-vsc\RISC_V/PC_adder.v";
    "C:\Users\subed\Desktop\verilog-vsc\RISC_V/ALU.v";
    "C:\Users\subed\Desktop\verilog-vsc\RISC_V/contorl_top.v";
    "C:\Users\subed\Desktop\verilog-vsc\RISC_V/main_decoder1.v";
    "C:\Users\subed\Desktop\verilog-vsc\RISC_V/Aludecoder.v";
    "C:\Users\subed\Desktop\verilog-vsc\RISC_V/datamem.v";
    "C:\Users\subed\Desktop\verilog-vsc\RISC_V/Imm_RegMux.v";
    "C:\Users\subed\Desktop\verilog-vsc\RISC_V/programcounter.v";
    "C:\Users\subed\Desktop\verilog-vsc\RISC_V/RD_WD3Mux.v";
    "C:\Users\subed\Desktop\verilog-vsc\RISC_V/Regfile.v";
    "C:\Users\subed\Desktop\verilog-vsc\RISC_V/Extender.v";
